<?xml version="1.0" encoding="UTF-8"?>
<coverage generated="1595474633935" clover="3.2.0">
  <project timestamp="1595474633935" name="All files">
    <metrics statements="15" coveredstatements="1" conditionals="8" coveredconditionals="0" methods="3" coveredmethods="0" elements="26" coveredelements="1" complexity="0" loc="15" ncloc="15" packages="1" files="1" classes="1"/>
    <file name="validator.js" path="C:\Users\aurel\Documents\Proyectos\LIM013-card-validation\src\validator.js">
      <metrics statements="15" coveredstatements="1" conditionals="8" coveredconditionals="0" methods="3" coveredmethods="0"/>
      <line num="1" count="1" type="stmt"/>
      <line num="3" count="0" type="stmt"/>
      <line num="4" count="0" type="stmt"/>
      <line num="5" count="0" type="cond" truecount="0" falsecount="2"/>
      <line num="6" count="0" type="stmt"/>
      <line num="7" count="0" type="cond" truecount="0" falsecount="2"/>
      <line num="8" count="0" type="stmt"/>
      <line num="12" count="0" type="stmt"/>
      <line num="13" count="0" type="stmt"/>
      <line num="14" count="0" type="stmt"/>
      <line num="16" count="0" type="stmt"/>
      <line num="17" count="0" type="cond" truecount="0" falsecount="2"/>
      <line num="18" count="0" type="stmt"/>
      <line num="20" count="0" type="stmt"/>
      <line num="30" count="0" type="cond" truecount="0" falsecount="2"/>
    </file>
  </project>
</coverage>
