{"C:\\Users\\aurel\\Documents\\Proyectos\\LIM013-card-validation\\src\\validator.js": {"path":"C:\\Users\\aurel\\Documents\\Proyectos\\LIM013-card-validation\\src\\validator.js","statementMap":{"0":{"start":{"line":1,"column":18},"end":{"line":35,"column":1}},"1":{"start":{"line":3,"column":30},"end":{"line":3,"column":66}},"2":{"start":{"line":4,"column":4},"end":{"line":11,"column":5}},"3":{"start":{"line":4,"column":15},"end":{"line":4,"column":16}},"4":{"start":{"line":5,"column":6},"end":{"line":10,"column":7}},"5":{"start":{"line":6,"column":8},"end":{"line":6,"column":44}},"6":{"start":{"line":7,"column":8},"end":{"line":9,"column":9}},"7":{"start":{"line":8,"column":10},"end":{"line":8,"column":114}},"8":{"start":{"line":12,"column":14},"end":{"line":12,"column":15}},"9":{"start":{"line":13,"column":4},"end":{"line":15,"column":5}},"10":{"start":{"line":13,"column":15},"end":{"line":13,"column":16}},"11":{"start":{"line":14,"column":6},"end":{"line":14,"column":38}},"12":{"start":{"line":16,"column":4},"end":{"line":16,"column":23}},"13":{"start":{"line":17,"column":4},"end":{"line":21,"column":5}},"14":{"start":{"line":18,"column":6},"end":{"line":18,"column":17}},"15":{"start":{"line":20,"column":6},"end":{"line":20,"column":18}},"16":{"start":{"line":30,"column":8},"end":{"line":30,"column":116}},"17":{"start":{"line":30,"column":61},"end":{"line":30,"column":104}}},"fnMap":{"0":{"name":"(anonymous_0)","decl":{"start":{"line":2,"column":17},"end":{"line":2,"column":18}},"loc":{"start":{"line":2,"column":45},"end":{"line":22,"column":3}},"line":2},"1":{"name":"(anonymous_1)","decl":{"start":{"line":24,"column":13},"end":{"line":24,"column":14}},"loc":{"start":{"line":24,"column":41},"end":{"line":32,"column":5}},"line":24},"2":{"name":"(anonymous_2)","decl":{"start":{"line":30,"column":46},"end":{"line":30,"column":47}},"loc":{"start":{"line":30,"column":61},"end":{"line":30,"column":104}},"line":30}},"branchMap":{"0":{"loc":{"start":{"line":5,"column":6},"end":{"line":10,"column":7}},"type":"if","locations":[{"start":{"line":5,"column":6},"end":{"line":10,"column":7}},{"start":{"line":5,"column":6},"end":{"line":10,"column":7}}],"line":5},"1":{"loc":{"start":{"line":7,"column":8},"end":{"line":9,"column":9}},"type":"if","locations":[{"start":{"line":7,"column":8},"end":{"line":9,"column":9}},{"start":{"line":7,"column":8},"end":{"line":9,"column":9}}],"line":7},"2":{"loc":{"start":{"line":17,"column":4},"end":{"line":21,"column":5}},"type":"if","locations":[{"start":{"line":17,"column":4},"end":{"line":21,"column":5}},{"start":{"line":17,"column":4},"end":{"line":21,"column":5}}],"line":17},"3":{"loc":{"start":{"line":30,"column":61},"end":{"line":30,"column":104}},"type":"cond-expr","locations":[{"start":{"line":30,"column":93},"end":{"line":30,"column":96}},{"start":{"line":30,"column":98},"end":{"line":30,"column":104}}],"line":30}},"s":{"0":1,"1":0,"2":0,"3":0,"4":0,"5":0,"6":0,"7":0,"8":0,"9":0,"10":0,"11":0,"12":0,"13":0,"14":0,"15":0,"16":0,"17":0},"f":{"0":0,"1":0,"2":0},"b":{"0":[0,0],"1":[0,0],"2":[0,0],"3":[0,0]},"_coverageSchema":"43e27e138ebf9cfc5966b082cf9a028302ed4184","hash":"ed59dc94e32a3a9a2287f5ba5b1b1e3ef807dda9"}
}
